<?xml version="1.0" encoding="UTF-8"?>
<!-- Generated by org.testng.reporters.JUnitXMLReporter -->
<testsuite ignored="0" hostname="wetechnolabs13" failures="2" tests="24" name="automationpractice.com" time="832.117" errors="0" timestamp="2024-09-26T03:49:28 GMT-04:00">
  <testcase classname="TestPackage.Login_testCase" name="Verify_User_Can_Able_To_Login" time="7.468"/>
  <testcase classname="TestPackage.TestCase_HeaderSection" name="Verify_User_Can_Check_the_header_section" time="24.317">
    <skipped/>
  </testcase> <!-- Verify_User_Can_Check_the_header_section -->
  <testcase classname="TestPackage.TestCase_HeaderSection" name="Verify_User_Can_Check_the_header_section" time="47.848"/>
  <testcase classname="TestPackage.TestCase_ProjectSetting_Bucket" name="Verify_Pom_ProjectSetting_Bucket_1" time="42.516"/>
  <testcase classname="TestPackage.TestCase_ProjectSetting_Bucket" name="Verify_Pom_ProjectSetting_Bucket_2" time="22.699"/>
  <testcase classname="TestPackage.TestCase_Create_project" name="Verify_Pom_Create_project_1" time="93.77"/>
  <testcase classname="TestPackage.TestCase_All_projects" name="Verify_the_Pom_ProjectSetting_AllProjects" time="19.656">
    <skipped/>
  </testcase> <!-- Verify_the_Pom_ProjectSetting_AllProjects -->
  <testcase classname="TestPackage.TestCase_All_projects" name="Verify_the_Pom_ProjectSetting_AllProjects" time="30.291"/>
  <testcase classname="TestPackage.TestCase_CreateAPILeads" name="Verify_Pom_ProjectSetting_CreateAPILeads" time="7.151"/>
  <testcase classname="TestPackage.TestCase_CreateAPILeads" name="Verify_Pom_ProjectSetting_ALL_API_Leads" time="47.912"/>
  <testcase classname="TestPackage.TestCase_AccountSection" name="verify_Pom_AccountSection_1" time="11.084"/>
  <testcase classname="TestPackage.TestCase_TeamMemberSetting" name="Verify_Pom_TeamMemberSetting_1" time="77.204"/>
  <testcase classname="TestPackage.TestCase_TeamMemberSetting" name="Verify_Pom_TeamMemberSetting_2" time="11.724">
    <skipped/>
  </testcase> <!-- Verify_Pom_TeamMemberSetting_2 -->
  <testcase classname="TestPackage.TestCase_TeamMemberSetting" name="Verify_Pom_TeamMemberSetting_2" time="60.09"/>
  <testcase classname="TestPackage.TestCase_ActivityLogs" name="Verify_Pom_ActivityLogs" time="10.973"/>
  <testcase classname="TestPackage.TestCase_Bucket_lead_distribution" name="Verify_the_Leads_distribution_From_bucket" time="7.163">
    <skipped/>
  </testcase> <!-- Verify_the_Leads_distribution_From_bucket -->
  <testcase classname="TestPackage.TestCase_Bucket_lead_distribution" name="Verify_the_Leads_distribution_From_bucket" time="8.069">
    <skipped/>
  </testcase> <!-- Verify_the_Leads_distribution_From_bucket -->
  <testcase classname="TestPackage.TestCase_Bucket_lead_distribution" name="Verify_the_Leads_distribution_From_bucket" time="10.844">
    <skipped/>
  </testcase> <!-- Verify_the_Leads_distribution_From_bucket -->
  <testcase classname="TestPackage.TestCase_Bucket_lead_distribution" name="Verify_the_Leads_distribution_From_bucket" time="6.203">
    <failure type="java.lang.AssertionError" message="The following asserts failed:
	The Leads Distribution from bucket is not Working perfect">
      <![CDATA[java.lang.AssertionError: The following asserts failed:
The Leads Distribution from bucket is not Working perfect
at PomPackage.Pom_Bucket_leads_distribution_check.Action_on_Bucket_leads_statistics(Pom_Bucket_leads_distribution_check.java:102)
at TestPackage.TestCase_Bucket_lead_distribution.Verify_the_Leads_distribution_From_bucket(TestCase_Bucket_lead_distribution.java:13)
at java.base/java.util.ArrayList.forEach(ArrayList.java:1511)
... Removed 29 stack frames]]>
    </failure>
  </testcase> <!-- Verify_the_Leads_distribution_From_bucket -->
  <testcase classname="TestPackage.TestCase_Leads_Distribution_check" name="Verify_Pom_Leads_Distribution_check" time="6.067">
    <skipped/>
  </testcase> <!-- Verify_Pom_Leads_Distribution_check -->
  <testcase classname="TestPackage.TestCase_Leads_Distribution_check" name="Verify_Pom_Leads_Distribution_check" time="6.228">
    <skipped/>
  </testcase> <!-- Verify_Pom_Leads_Distribution_check -->
  <testcase classname="TestPackage.TestCase_Leads_Distribution_check" name="Verify_Pom_Leads_Distribution_check" time="6.133">
    <skipped/>
  </testcase> <!-- Verify_Pom_Leads_Distribution_check -->
  <testcase classname="TestPackage.TestCase_Leads_Distribution_check" name="Verify_Pom_Leads_Distribution_check" time="5.59">
    <failure type="java.lang.AssertionError" message="The following asserts failed:
	Leads distribution not working properly for direct Import no bucket selection, Test result failed.">
      <![CDATA[java.lang.AssertionError: The following asserts failed:
Leads distribution not working properly for direct Import no bucket selection, Test result failed.
at PomPackage.Pom_Leads_Distribution_check.action_on_Leads_distribution_without_bucket(Pom_Leads_Distribution_check.java:119)
at TestPackage.TestCase_Leads_Distribution_check.Verify_Pom_Leads_Distribution_check(TestCase_Leads_Distribution_check.java:14)
at java.base/java.util.ArrayList.forEach(ArrayList.java:1511)
... Removed 29 stack frames]]>
    </failure>
  </testcase> <!-- Verify_Pom_Leads_Distribution_check -->
  <testcase classname="TestPackage.TestCase_All_API_leads_distribution" name="Verify_the_Leads_distribution_From_ALL_Api" time="5.551"/>
</testsuite> <!-- automationpractice.com -->
