<?xml version="1.0" encoding="UTF-8"?>
<testng-results ignored="0" total="1" passed="1" failed="0" skipped="0">
  <reporter-output>
  </reporter-output>
  <suite started-at="2024-10-08T23:03:55 IST" name="Default suite" finished-at="2024-10-08T23:04:18 IST" duration-ms="22861">
    <groups>
    </groups>
    <test started-at="2024-10-08T23:03:55 IST" name="Default test" finished-at="2024-10-08T23:04:18 IST" duration-ms="22861">
      <class name="TestPackage.Login_testCase">
        <test-method is-config="true" signature="beforeMethod(java.lang.reflect.Method)[pri:0, instance:TestPackage.Login_testCase@710f4dc7]" started-at="2024-10-08T23:03:55 IST" name="beforeMethod" finished-at="2024-10-08T23:04:06 IST" duration-ms="11351" status="PASS">
          <params>
            <param index="0">
              <value>
                <![CDATA[public void TestPackage.Login_testCase.Verify_User_Can_Able_To_Login() throws java.lang.InterruptedException,java.io.IOException]]>
              </value>
            </param>
          </params>
          <reporter-output>
          </reporter-output>
        </test-method> <!-- beforeMethod -->
        <test-method signature="Verify_User_Can_Able_To_Login()[pri:0, instance:TestPackage.Login_testCase@710f4dc7]" started-at="2024-10-08T23:04:06 IST" name="Verify_User_Can_Able_To_Login" description="This test will verify that User can able to login into the Application" finished-at="2024-10-08T23:04:15 IST" duration-ms="8583" status="PASS">
          <reporter-output>
          </reporter-output>
        </test-method> <!-- Verify_User_Can_Able_To_Login -->
        <test-method is-config="true" signature="afterMethod(org.testng.ITestResult,java.lang.reflect.Method)[pri:0, instance:TestPackage.Login_testCase@710f4dc7]" started-at="2024-10-08T23:04:15 IST" name="afterMethod" finished-at="2024-10-08T23:04:17 IST" duration-ms="2599" status="PASS">
          <params>
            <param index="0">
              <value>
                <![CDATA[[TestResult name=Verify_User_Can_Able_To_Login status=SUCCESS method=Login_testCase.Verify_User_Can_Able_To_Login()[pri:0, instance:TestPackage.Login_testCase@710f4dc7] output={null}]]]>
              </value>
            </param>
            <param index="1">
              <value>
                <![CDATA[public void TestPackage.Login_testCase.Verify_User_Can_Able_To_Login() throws java.lang.InterruptedException,java.io.IOException]]>
              </value>
            </param>
          </params>
          <reporter-output>
          </reporter-output>
        </test-method> <!-- afterMethod -->
        <test-method is-config="true" signature="teardown()[pri:0, instance:TestPackage.Login_testCase@710f4dc7]" started-at="2024-10-08T23:04:17 IST" name="teardown" finished-at="2024-10-08T23:04:18 IST" duration-ms="300" status="PASS">
          <reporter-output>
          </reporter-output>
        </test-method> <!-- teardown -->
      </class> <!-- TestPackage.Login_testCase -->
    </test> <!-- Default test -->
  </suite> <!-- Default suite -->
</testng-results>
